e:\programiranje\c++practice\raytracing-2.0\bin\intermediates\x64\debug\vc143.pdb
e:\programiranje\c++practice\raytracing-2.0\bin\intermediates\x64\debug\vc143.idb
e:\programiranje\c++practice\raytracing-2.0\bin\intermediates\x64\debug\vec3.obj
e:\programiranje\c++practice\raytracing-2.0\bin\intermediates\x64\debug\uniform.obj
e:\programiranje\c++practice\raytracing-2.0\bin\intermediates\x64\debug\ray.obj
e:\programiranje\c++practice\raytracing-2.0\bin\intermediates\x64\debug\material.obj
e:\programiranje\c++practice\raytracing-2.0\bin\intermediates\x64\debug\mainheader.obj
e:\programiranje\c++practice\raytracing-2.0\bin\intermediates\x64\debug\light.obj
e:\programiranje\c++practice\raytracing-2.0\bin\intermediates\x64\debug\color.obj
e:\programiranje\c++practice\raytracing-2.0\bin\intermediates\x64\debug\camera.obj
e:\programiranje\c++practice\raytracing-2.0\bin\intermediates\x64\debug\scene.obj
e:\programiranje\c++practice\raytracing-2.0\bin\intermediates\x64\debug\sonar.obj
e:\programiranje\c++practice\raytracing-2.0\bin\intermediates\x64\debug\raytracersimple.obj
e:\programiranje\c++practice\raytracing-2.0\bin\intermediates\x64\debug\raytracer.obj
e:\programiranje\c++practice\raytracing-2.0\bin\intermediates\x64\debug\sphere.obj
e:\programiranje\c++practice\raytracing-2.0\bin\intermediates\x64\debug\hitsphere.obj
e:\programiranje\c++practice\raytracing-2.0\bin\intermediates\x64\debug\hithalfspace.obj
e:\programiranje\c++practice\raytracing-2.0\bin\intermediates\x64\debug\halfspace.obj
e:\programiranje\c++practice\raytracing-2.0\bin\intermediates\x64\debug\collision.obj
e:\programiranje\c++practice\raytracing-2.0\bin\intermediates\x64\debug\bruteforcecollider.obj
e:\programiranje\c++practice\raytracing-2.0\bin\intermediates\x64\debug\main.obj
e:\programiranje\c++practice\raytracing-2.0\bin\intermediates\x64\debug\initialscene.obj
e:\programiranje\c++practice\raytracing-2.0\bin\intermediates\x64\debug\raytracing-2.0.ilk
e:\programiranje\c++practice\raytracing-2.0\bin\x64\debug\raytracing-2.0.exe
e:\programiranje\c++practice\raytracing-2.0\bin\x64\debug\raytracing-2.0.pdb
e:\programiranje\c++practice\raytracing-2.0\bin\intermediates\x64\debug\bruteforcecollider.nativecodeanalysis.xml
e:\programiranje\c++practice\raytracing-2.0\bin\intermediates\x64\debug\camera.nativecodeanalysis.xml
e:\programiranje\c++practice\raytracing-2.0\bin\intermediates\x64\debug\collision.nativecodeanalysis.xml
e:\programiranje\c++practice\raytracing-2.0\bin\intermediates\x64\debug\color.nativecodeanalysis.xml
e:\programiranje\c++practice\raytracing-2.0\bin\intermediates\x64\debug\halfspace.nativecodeanalysis.xml
e:\programiranje\c++practice\raytracing-2.0\bin\intermediates\x64\debug\hithalfspace.nativecodeanalysis.xml
e:\programiranje\c++practice\raytracing-2.0\bin\intermediates\x64\debug\hitsphere.nativecodeanalysis.xml
e:\programiranje\c++practice\raytracing-2.0\bin\intermediates\x64\debug\light.nativecodeanalysis.xml
e:\programiranje\c++practice\raytracing-2.0\bin\intermediates\x64\debug\mainheader.nativecodeanalysis.xml
e:\programiranje\c++practice\raytracing-2.0\bin\intermediates\x64\debug\material.nativecodeanalysis.xml
e:\programiranje\c++practice\raytracing-2.0\bin\intermediates\x64\debug\ray.nativecodeanalysis.xml
e:\programiranje\c++practice\raytracing-2.0\bin\intermediates\x64\debug\raytracer.nativecodeanalysis.xml
e:\programiranje\c++practice\raytracing-2.0\bin\intermediates\x64\debug\raytracersimple.nativecodeanalysis.xml
e:\programiranje\c++practice\raytracing-2.0\bin\intermediates\x64\debug\scene.nativecodeanalysis.xml
e:\programiranje\c++practice\raytracing-2.0\bin\intermediates\x64\debug\sonar.nativecodeanalysis.xml
e:\programiranje\c++practice\raytracing-2.0\bin\intermediates\x64\debug\sphere.nativecodeanalysis.xml
e:\programiranje\c++practice\raytracing-2.0\bin\intermediates\x64\debug\uniform.nativecodeanalysis.xml
e:\programiranje\c++practice\raytracing-2.0\bin\intermediates\x64\debug\vec3.nativecodeanalysis.xml
e:\programiranje\c++practice\raytracing-2.0\bin\intermediates\x64\debug\raytracing-2.0.vcxproj.filelistabsolute.txt
e:\programiranje\c++practice\raytracing-2.0\bin\intermediates\x64\debug\raytracing-2.0.tlog\cl.command.1.tlog
e:\programiranje\c++practice\raytracing-2.0\bin\intermediates\x64\debug\raytracing-2.0.tlog\cl.read.1.tlog
e:\programiranje\c++practice\raytracing-2.0\bin\intermediates\x64\debug\raytracing-2.0.tlog\cl.write.1.tlog
e:\programiranje\c++practice\raytracing-2.0\bin\intermediates\x64\debug\raytracing-2.0.tlog\link.command.1.tlog
e:\programiranje\c++practice\raytracing-2.0\bin\intermediates\x64\debug\raytracing-2.0.tlog\link.read.1.tlog
e:\programiranje\c++practice\raytracing-2.0\bin\intermediates\x64\debug\raytracing-2.0.tlog\link.write.1.tlog
